
> crypto-meme-wars-backend@1.0.0 demo
> nodemon src/demo-server.ts

[33m[nodemon] 3.1.10[39m
[33m[nodemon] to restart at any time, enter `rs`[39m
[33m[nodemon] watching path(s): *.*[39m
[33m[nodemon] watching extensions: ts,json[39m
[32m[nodemon] starting `ts-node src/demo-server.ts`[39m
🚀 Demo server running on port 3001
📱 Frontend should connect to: http://localhost:3001/api
🎮 Mode: DEMO (using mock data)
[32m[nodemon] restarting due to changes...[39m
[32m[nodemon] starting `ts-node src/demo-server.ts`[39m
🚀 Demo server running on port 3001
📱 Frontend should connect to: http://localhost:3001/api
🎮 Mode: DEMO (using mock data)
[32m[nodemon] restarting due to changes...[39m
[32m[nodemon] starting `ts-node src/demo-server.ts`[39m
🚀 Demo server running on port 3001
📱 Frontend should connect to: http://localhost:3001/api
🎮 Mode: DEMO (using mock data)
[32m[nodemon] restarting due to changes...[39m
[32m[nodemon] starting `ts-node src/demo-server.ts`[39m
🚀 Demo server running on port 3001
📱 Frontend should connect to: http://localhost:3001/api
🎮 Mode: DEMO (using mock data)
Twitter Bearer Token not configured - using mock data
Twitter Bearer Token not configured - using mock data
Twitter Bearer Token not configured - using mock data
Twitter Bearer Token not configured - using mock data
Twitter Bearer Token not configured - using mock data
Twitter Bearer Token not configured - using mock data
Twitter Bearer Token not configured - using mock data
Twitter Bearer Token not configured - using mock data
Twitter Bearer Token not configured - using mock data
Twitter Bearer Token not configured - using mock data
Twitter Bearer Token not configured - using mock data
Twitter Bearer Token not configured - using mock data
Twitter Bearer Token not configured - using mock data
Twitter Bearer Token not configured - using mock data
Twitter Bearer Token not configured - using mock data
Twitter Bearer Token not configured - using mock data
Twitter Bearer Token not configured - using mock data
Twitter Bearer Token not configured - using mock data
Twitter Bearer Token not configured - using mock data
Twitter Bearer Token not configured - using mock data
Twitter Bearer Token not configured - using mock data
Twitter Bearer Token not configured - using mock data
Twitter Bearer Token not configured - using mock data
Twitter Bearer Token not configured - using mock data
Twitter Bearer Token not configured - using mock data
Twitter Bearer Token not configured - using mock data
Twitter Bearer Token not configured - using mock data
Twitter Bearer Token not configured - using mock data
Twitter Bearer Token not configured - using mock data
Twitter Bearer Token not configured - using mock data
[32m[nodemon] restarting due to changes...[39m
[32m[nodemon] starting `ts-node src/demo-server.ts`[39m
🚀 Demo server running on port 3001
📱 Frontend should connect to: http://localhost:3001/api
🎮 Mode: DEMO (using mock data)
[32m[nodemon] restarting due to changes...[39m
[32m[nodemon] starting `ts-node src/demo-server.ts`[39m
🚀 Demo server running on port 3001
📱 Frontend should connect to: http://localhost:3001/api
🎮 Mode: DEMO (using mock data)
[32m[nodemon] restarting due to changes...[39m
[32m[nodemon] starting `ts-node src/demo-server.ts`[39m
🚀 Demo server running on port 3001
📱 Frontend should connect to: http://localhost:3001/api
🎮 Mode: DEMO (using mock data)
[32m[nodemon] restarting due to changes...[39m
[32m[nodemon] starting `ts-node src/demo-server.ts`[39m
[32m[nodemon] restarting due to changes...[39m
[32m[nodemon] starting `ts-node src/demo-server.ts`[39m
🚀 Demo server running on port 3001
📱 Frontend should connect to: http://localhost:3001/api
🎮 Mode: DEMO (using mock data)
[32m[nodemon] restarting due to changes...[39m
[32m[nodemon] starting `ts-node src/demo-server.ts`[39m
🚀 Demo server running on port 3001
📱 Frontend should connect to: http://localhost:3001/api
🎮 Mode: DEMO (using mock data)
[32m[nodemon] restarting due to changes...[39m
[32m[nodemon] starting `ts-node src/demo-server.ts`[39m
🚀 Demo server running on port 3001
📱 Frontend should connect to: http://localhost:3001/api
🎮 Mode: DEMO (using mock data)
[32m[nodemon] restarting due to changes...[39m
[32m[nodemon] starting `ts-node src/demo-server.ts`[39m
[32m[nodemon] restarting due to changes...[39m
[32m[nodemon] starting `ts-node src/demo-server.ts`[39m
🚀 Demo server running on port 3001
📱 Frontend should connect to: http://localhost:3001/api
🎮 Mode: DEMO (using mock data)
[32m[nodemon] restarting due to changes...[39m
[32m[nodemon] starting `ts-node src/demo-server.ts`[39m
🚀 Demo server running on port 3001
📱 Frontend should connect to: http://localhost:3001/api
🎮 Mode: DEMO (using mock data)
[32m[nodemon] restarting due to changes...[39m
[32m[nodemon] starting `ts-node src/demo-server.ts`[39m
🚀 Demo server running on port 3001
📱 Frontend should connect to: http://localhost:3001/api
🎮 Mode: DEMO (using mock data)
[32m[nodemon] restarting due to changes...[39m
[32m[nodemon] starting `ts-node src/demo-server.ts`[39m
🚀 Demo server running on port 3001
📱 Frontend should connect to: http://localhost:3001/api
🎮 Mode: DEMO (using mock data)
[32m[nodemon] restarting due to changes...[39m
[32m[nodemon] starting `ts-node src/demo-server.ts`[39m
🚀 Demo server running on port 3001
📱 Frontend should connect to: http://localhost:3001/api
🎮 Mode: DEMO (using mock data)
[32m[nodemon] restarting due to changes...[39m
[32m[nodemon] starting `ts-node src/demo-server.ts`[39m
🚀 Demo server running on port 3001
📱 Frontend should connect to: http://localhost:3001/api
🎮 Mode: DEMO (using mock data)
[32m[nodemon] restarting due to changes...[39m
[32m[nodemon] starting `ts-node src/demo-server.ts`[39m
[32m[nodemon] restarting due to changes...[39m
[32m[nodemon] starting `ts-node src/demo-server.ts`[39m
🚀 Demo server running on port 3001
📱 Frontend should connect to: http://localhost:3001/api
🎮 Mode: DEMO (using mock data)
[32m[nodemon] restarting due to changes...[39m
[32m[nodemon] starting `ts-node src/demo-server.ts`[39m
🚀 Demo server running on port 3001
📱 Frontend should connect to: http://localhost:3001/api
🎮 Mode: DEMO (using mock data)
[32m[nodemon] restarting due to changes...[39m
[32m[nodemon] starting `ts-node src/demo-server.ts`[39m
🚀 Demo server running on port 3001
📱 Frontend should connect to: http://localhost:3001/api
🎮 Mode: DEMO (using mock data)
